1 _ _ l 1_duplo_0
1 0 0 r 1_duplo_1
1 1 1 r 1_duplo_2
1 B B r 1_duplo_3
1 X X r 1_duplo_4
2 1 _ r 2_duplo_0
2 0 _ r 2_duplo_1
2 _ _ r 2_duplo_2
3 0 1 l 3_duplo_0
3 1 1 l 3_duplo_1
3 _ 1 l 3_duplo_2
3 B 1 l 3_duplo_3
3 X 1 l 3_duplo_4
4 0 0 l 4_duplo_0
4 1 0 l 4_duplo_1
4 _ 0 l 4_duplo_2
4 B 0 l 4_duplo_3
4 X 0 l 4_duplo_4
5 _ B r 5_duplo_0
6 0 0 l 6_duplo_0
6 1 1 l 6_duplo_1
6 _ _ l 6_duplo_2
6 B B l 6_duplo_3
6 X X l 6_duplo_4
7 0 0 l 7_duplo_0
7 1 1 l 7_duplo_1
7 _ _ l 7_duplo_2
7 B B l 7_duplo_3
7 X X l 7_duplo_4
8 _ _ l 8_duplo_0
8 0 0 r 8_duplo_1
8 1 1 r 8_duplo_2
8 B B r 8_duplo_3
8 X X r 8_duplo_4
9 1 X l 9_duplo_0
9 0 X l 9_duplo_1
9 X X l 9_duplo_2
9 B B r halt-accept
10 1 1 l 10_duplo_0
10 X X l 10_duplo_1
10 0 X r 10_duplo_2
11 0 0 l 11_duplo_0
11 X X l 11_duplo_1
11 1 X r 11_duplo_2
escreve_branco 0 _ R escreve_0
escreve_branco 1 _ R escreve_1
escreve_branco B _ R escreve_B
escreve_branco X _ R escreve_X
escreve_branco @ _ R escreve_@
escreve_branco _ _ L rebobinar
escreve_0 0 0 R escreve_0
escreve_0 1 0 R escreve_1
escreve_0 B 0 R escreve_B
escreve_0 X 0 R escreve_X
escreve_0 _ 0 R escreve_branco
escreve_0 @ 0 R escreve_@
escreve_1 0 1 R escreve_0
escreve_1 1 1 R escreve_1
escreve_1 B 1 R escreve_B
escreve_1 X 1 R escreve_X
escreve_1 _ 1 R escreve_branco
escreve_1 @ 1 R escreve_@
escreve_B 0 B R escreve_0
escreve_B 1 B R escreve_1
escreve_B B B R escreve_B
escreve_B X B R escreve_X
escreve_B _ B R escreve_branco
escreve_B @ B R escreve_@
escreve_X 0 X R escreve_0
escreve_X 1 X R escreve_1
escreve_X B X R escreve_B
escreve_X X X R escreve_X
escreve_X _ X R escreve_branco
escreve_X @ X R escreve_@
start @ _ L rebobinar_start
start * * R escreve_branco
rebobinar_start * * L rebobinar_start
rebobinar_start # * R 1
rebobinar # # R start
rebobinar _ _ R start
rebobinar * * L rebobinar
escreve_0_init 0 0 R escreve_0_init
escreve_0_init 1 0 R escreve_1_init
escreve_0_init B 0 R escreve_B_init
escreve_0_init X 0 R escreve_X_init
escreve_0_init _ 0 R escreve_@
escreve_1_init 0 1 R escreve_0_init
escreve_1_init 1 1 R escreve_1_init
escreve_1_init B 1 R escreve_B_init
escreve_1_init X 1 R escreve_X_init
escreve_1_init _ 1 R escreve_@
escreve_B_init 0 B R escreve_0_init
escreve_B_init 1 B R escreve_1_init
escreve_B_init B B R escreve_B_init
escreve_B_init X B R escreve_X_init
escreve_B_init _ B R escreve_@
escreve_X_init 0 X R escreve_0_init
escreve_X_init 1 X R escreve_1_init
escreve_X_init B X R escreve_B_init
escreve_X_init X X R escreve_X_init
escreve_X_init _ X R escreve_@
0 0 # R escreve_0_init
0 1 # R escreve_1_init
0 B # R escreve_B_init
0 X # R escreve_X_init
escreve_@ 0 @ L rebobinar
escreve_@ 1 @ L rebobinar
escreve_@ B @ L rebobinar
escreve_@ X @ L rebobinar
escreve_@ _ @ L rebobinar
1_inverso _ _ R 1_duplo_inverso_0
1_inverso 0 0 L 1_duplo_inverso_1
1_inverso 1 1 L 1_duplo_inverso_2
1_inverso B B L 1_duplo_inverso_3
1_inverso X X L 1_duplo_inverso_4
1_inverso # # R 1
2_inverso 1 _ L 2_duplo_inverso_0
2_inverso 0 _ L 2_duplo_inverso_1
2_inverso _ _ L 2_duplo_inverso_2
2_inverso # # R 2
3_inverso 0 1 R 3_duplo_inverso_0
3_inverso 1 1 R 3_duplo_inverso_1
3_inverso _ 1 R 3_duplo_inverso_2
3_inverso B 1 R 3_duplo_inverso_3
3_inverso X 1 R 3_duplo_inverso_4
3_inverso # # R 3
4_inverso 0 0 R 4_duplo_inverso_0
4_inverso 1 0 R 4_duplo_inverso_1
4_inverso _ 0 R 4_duplo_inverso_2
4_inverso B 0 R 4_duplo_inverso_3
4_inverso X 0 R 4_duplo_inverso_4
4_inverso # # R 4
5_inverso _ B L 5_duplo_inverso_0
5_inverso # # R 5
6_inverso 0 0 R 6_duplo_inverso_0
6_inverso 1 1 R 6_duplo_inverso_1
6_inverso _ _ R 6_duplo_inverso_2
6_inverso B B R 6_duplo_inverso_3
6_inverso X X R 6_duplo_inverso_4
6_inverso # # R 6
7_inverso 0 0 R 7_duplo_inverso_0
7_inverso 1 1 R 7_duplo_inverso_1
7_inverso _ _ R 7_duplo_inverso_2
7_inverso B B R 7_duplo_inverso_3
7_inverso X X R 7_duplo_inverso_4
7_inverso # # R 7
8_inverso _ _ R 8_duplo_inverso_0
8_inverso 0 0 L 8_duplo_inverso_1
8_inverso 1 1 L 8_duplo_inverso_2
8_inverso B B L 8_duplo_inverso_3
8_inverso X X L 8_duplo_inverso_4
8_inverso # # R 8
9_inverso 1 X R 9_duplo_inverso_0
9_inverso 0 X R 9_duplo_inverso_1
9_inverso X X R 9_duplo_inverso_2
9_inverso B B L 9_duplo_inverso_3
9_inverso # # R 9
10_inverso 1 1 R 10_duplo_inverso_0
10_inverso X X R 10_duplo_inverso_1
10_inverso 0 X L 10_duplo_inverso_2
10_inverso # # R 10
11_inverso 0 0 R 11_duplo_inverso_0
11_inverso X X R 11_duplo_inverso_1
11_inverso 1 X L 11_duplo_inverso_2
11_inverso # # R 11
1_duplo_0 * * l 2
1_duplo_0 # * R 1_duplo_inverso_0
1_duplo_1 * * r 1
1_duplo_1 # * R 1_duplo_inverso_1
1_duplo_2 * * r 1
1_duplo_2 # * R 1_duplo_inverso_2
1_duplo_3 * * r 1
1_duplo_3 # * R 1_duplo_inverso_3
1_duplo_4 * * r 1
1_duplo_4 # * R 1_duplo_inverso_4
2_duplo_0 * * r 3
2_duplo_0 # * R 2_duplo_inverso_0
2_duplo_1 * * r 4
2_duplo_1 # * R 2_duplo_inverso_1
2_duplo_2 * * r 5
2_duplo_2 # * R 2_duplo_inverso_2
3_duplo_0 * * l 6
3_duplo_0 # * R 3_duplo_inverso_0
3_duplo_1 * * l 6
3_duplo_1 # * R 3_duplo_inverso_1
3_duplo_2 * * l 6
3_duplo_2 # * R 3_duplo_inverso_2
3_duplo_3 * * l 6
3_duplo_3 # * R 3_duplo_inverso_3
3_duplo_4 * * l 6
3_duplo_4 # * R 3_duplo_inverso_4
4_duplo_0 * * l 7
4_duplo_0 # * R 4_duplo_inverso_0
4_duplo_1 * * l 7
4_duplo_1 # * R 4_duplo_inverso_1
4_duplo_2 * * l 7
4_duplo_2 # * R 4_duplo_inverso_2
4_duplo_3 * * l 7
4_duplo_3 # * R 4_duplo_inverso_3
4_duplo_4 * * l 7
4_duplo_4 # * R 4_duplo_inverso_4
5_duplo_0 * * r 8
5_duplo_0 # * R 5_duplo_inverso_0
6_duplo_0 * * l 2
6_duplo_0 # * R 6_duplo_inverso_0
6_duplo_1 * * l 2
6_duplo_1 # * R 6_duplo_inverso_1
6_duplo_2 * * l 2
6_duplo_2 # * R 6_duplo_inverso_2
6_duplo_3 * * l 2
6_duplo_3 # * R 6_duplo_inverso_3
6_duplo_4 * * l 2
6_duplo_4 # * R 6_duplo_inverso_4
7_duplo_0 * * l 2
7_duplo_0 # * R 7_duplo_inverso_0
7_duplo_1 * * l 2
7_duplo_1 # * R 7_duplo_inverso_1
7_duplo_2 * * l 2
7_duplo_2 # * R 7_duplo_inverso_2
7_duplo_3 * * l 2
7_duplo_3 # * R 7_duplo_inverso_3
7_duplo_4 * * l 2
7_duplo_4 # * R 7_duplo_inverso_4
8_duplo_0 * * l 9
8_duplo_0 # * R 8_duplo_inverso_0
8_duplo_1 * * r 8
8_duplo_1 # * R 8_duplo_inverso_1
8_duplo_2 * * r 8
8_duplo_2 # * R 8_duplo_inverso_2
8_duplo_3 * * r 8
8_duplo_3 # * R 8_duplo_inverso_3
8_duplo_4 * * r 8
8_duplo_4 # * R 8_duplo_inverso_4
9_duplo_0 * * l 10
9_duplo_0 # * R 9_duplo_inverso_0
9_duplo_1 * * l 11
9_duplo_1 # * R 9_duplo_inverso_1
9_duplo_2 * * l 9
9_duplo_2 # * R 9_duplo_inverso_2
9_duplo_3 * * r halt-accept
9_duplo_3 # * R 9_duplo_inverso_3
10_duplo_0 * * l 10
10_duplo_0 # * R 10_duplo_inverso_0
10_duplo_1 * * l 10
10_duplo_1 # * R 10_duplo_inverso_1
10_duplo_2 * * r 8
10_duplo_2 # * R 10_duplo_inverso_2
11_duplo_0 * * l 11
11_duplo_0 # * R 11_duplo_inverso_0
11_duplo_1 * * l 11
11_duplo_1 # * R 11_duplo_inverso_1
11_duplo_2 * * r 8
11_duplo_2 # * R 11_duplo_inverso_2
1_duplo_inverso_0 * * R 2_inverso
1_duplo_inverso_1 * * L 1_inverso
1_duplo_inverso_2 * * L 1_inverso
1_duplo_inverso_3 * * L 1_inverso
1_duplo_inverso_4 * * L 1_inverso
2_duplo_inverso_0 * * L 3_inverso
2_duplo_inverso_1 * * L 4_inverso
2_duplo_inverso_2 * * L 5_inverso
3_duplo_inverso_0 * * R 6_inverso
3_duplo_inverso_1 * * R 6_inverso
3_duplo_inverso_2 * * R 6_inverso
3_duplo_inverso_3 * * R 6_inverso
3_duplo_inverso_4 * * R 6_inverso
4_duplo_inverso_0 * * R 7_inverso
4_duplo_inverso_1 * * R 7_inverso
4_duplo_inverso_2 * * R 7_inverso
4_duplo_inverso_3 * * R 7_inverso
4_duplo_inverso_4 * * R 7_inverso
5_duplo_inverso_0 * * L 8_inverso
6_duplo_inverso_0 * * R 2_inverso
6_duplo_inverso_1 * * R 2_inverso
6_duplo_inverso_2 * * R 2_inverso
6_duplo_inverso_3 * * R 2_inverso
6_duplo_inverso_4 * * R 2_inverso
7_duplo_inverso_0 * * R 2_inverso
7_duplo_inverso_1 * * R 2_inverso
7_duplo_inverso_2 * * R 2_inverso
7_duplo_inverso_3 * * R 2_inverso
7_duplo_inverso_4 * * R 2_inverso
8_duplo_inverso_0 * * R 9_inverso
8_duplo_inverso_1 * * L 8_inverso
8_duplo_inverso_2 * * L 8_inverso
8_duplo_inverso_3 * * L 8_inverso
8_duplo_inverso_4 * * L 8_inverso
9_duplo_inverso_0 * * R 10_inverso
9_duplo_inverso_1 * * R 11_inverso
9_duplo_inverso_2 * * R 9_inverso
9_duplo_inverso_3 * * L halt-accept_inverso
10_duplo_inverso_0 * * R 10_inverso
10_duplo_inverso_1 * * R 10_inverso
10_duplo_inverso_2 * * L 8_inverso
11_duplo_inverso_0 * * R 11_inverso
11_duplo_inverso_1 * * R 11_inverso
11_duplo_inverso_2 * * L 8_inverso
